# JRE version: OpenJDK Runtime Environment (8.0_152-b06) (build 1.8.0_152-release-1136-b06)
# Java VM: OpenJDK 64-Bit Server VM (25.152-b06 mixed mode bsd-amd64 compressed oops)
Heap:
 PSYoungGen      total 125952K, used 108992K [0x00000007a0000000, 0x00000007a9500000, 0x00000007c0000000)
  eden space 104448K, 90% used [0x00000007a0000000,0x00000007a5bd68f8,0x00000007a6600000)
  from space 21504K, 69% used [0x00000007a8000000,0x00000007a8e997d0,0x00000007a9500000)
  to   space 24064K, 0% used [0x00000007a6600000,0x00000007a6600000,0x00000007a7d80000)
 ParOldGen       total 144896K, used 32981K [0x0000000760000000, 0x0000000768d80000, 0x00000007a0000000)
  object space 144896K, 22% used [0x0000000760000000,0x0000000762035558,0x0000000768d80000)
 Metaspace       used 68119K, capacity 70916K, committed 71040K, reserved 1112064K
  class space    used 8671K, capacity 9289K, committed 9344K, reserved 1048576K
GC Heap History (10 events):
Event: 321.774 GC heap before
{Heap before GC invocations=19 (full 3):
 PSYoungGen      total 115712K, used 104022K [0x00000007a0000000, 0x00000007a9a00000, 0x00000007c0000000)
  eden space 94720K, 100% used [0x00000007a0000000,0x00000007a5c80000,0x00000007a5c80000)
  from space 20992K, 44% used [0x00000007a5c80000,0x00000007a6595980,0x00000007a7100000)
  to   space 19968K, 0% used [0x00000007a8680000,0x00000007a8680000,0x00000007a9a00000)
 ParOldGen       total 144896K, used 32223K [0x0000000760000000, 0x0000000768d80000, 0x00000007a0000000)
  object space 144896K, 22% used [0x0000000760000000,0x0000000761f77c80,0x0000000768d80000)
 Metaspace       used 61219K, capacity 63214K, committed 63488K, reserved 1103872K
  class space    used 7954K, capacity 8385K, committed 8448K, reserved 1048576K
Event: 321.793 GC heap after
Heap after GC invocations=19 (full 3):
 PSYoungGen      total 131584K, used 11170K [0x00000007a0000000, 0x00000007a9700000, 0x00000007c0000000)
  eden space 114688K, 0% used [0x00000007a0000000,0x00000007a0000000,0x00000007a7000000)
  from space 16896K, 66% used [0x00000007a8680000,0x00000007a91688f0,0x00000007a9700000)
  to   space 19968K, 0% used [0x00000007a7000000,0x00000007a7000000,0x00000007a8380000)
 ParOldGen       total 144896K, used 32231K [0x0000000760000000, 0x0000000768d80000, 0x00000007a0000000)
  object space 144896K, 22% used [0x0000000760000000,0x0000000761f79c80,0x0000000768d80000)
 Metaspace       used 61219K, capacity 63214K, committed 63488K, reserved 1103872K
  class space    used 7954K, capacity 8385K, committed 8448K, reserved 1048576K
}
Event: 3832.127 GC heap before
{Heap before GC invocations=20 (full 3):
 PSYoungGen      total 131584K, used 125858K [0x00000007a0000000, 0x00000007a9700000, 0x00000007c0000000)
  eden space 114688K, 100% used [0x00000007a0000000,0x00000007a7000000,0x00000007a7000000)
  from space 16896K, 66% used [0x00000007a8680000,0x00000007a91688f0,0x00000007a9700000)
  to   space 19968K, 0% used [0x00000007a7000000,0x00000007a7000000,0x00000007a8380000)
 ParOldGen       total 144896K, used 32231K [0x0000000760000000, 0x0000000768d80000, 0x00000007a0000000)
  object space 144896K, 22% used [0x0000000760000000,0x0000000761f79c80,0x0000000768d80000)
 Metaspace       used 62313K, capacity 64640K, committed 64768K, reserved 1105920K
  class space    used 8064K, capacity 8581K, committed 8704K, reserved 1048576K
Event: 3832.236 GC heap after
Heap after GC invocations=20 (full 3):
 PSYoungGen      total 125440K, used 12986K [0x00000007a0000000, 0x00000007a9480000, 0x00000007c0000000)
  eden space 112128K, 0% used [0x00000007a0000000,0x00000007a0000000,0x00000007a6d80000)
  from space 13312K, 97% used [0x00000007a7000000,0x00000007a7caeb68,0x00000007a7d00000)
  to   space 19968K, 0% used [0x00000007a8100000,0x00000007a8100000,0x00000007a9480000)
 ParOldGen       total 144896K, used 32239K [0x0000000760000000, 0x0000000768d80000, 0x00000007a0000000)
  object space 144896K, 22% used [0x0000000760000000,0x0000000761f7bc80,0x0000000768d80000)
 Metaspace       used 62313K, capacity 64640K, committed 64768K, reserved 1105920K
  class space    used 8064K, capacity 8581K, committed 8704K, reserved 1048576K
}
Event: 9661.943 GC heap before
{Heap before GC invocations=21 (full 3):
 PSYoungGen      total 125440K, used 125114K [0x00000007a0000000, 0x00000007a9480000, 0x00000007c0000000)
  eden space 112128K, 100% used [0x00000007a0000000,0x00000007a6d80000,0x00000007a6d80000)
  from space 13312K, 97% used [0x00000007a7000000,0x00000007a7caeb68,0x00000007a7d00000)
  to   space 19968K, 0% used [0x00000007a8100000,0x00000007a8100000,0x00000007a9480000)
 ParOldGen       total 144896K, used 32239K [0x0000000760000000, 0x0000000768d80000, 0x00000007a0000000)
  object space 144896K, 22% used [0x0000000760000000,0x0000000761f7bc80,0x0000000768d80000)
 Metaspace       used 62912K, capacity 65326K, committed 65536K, reserved 1105920K
  class space    used 8082K, capacity 8610K, committed 8704K, reserved 1048576K
Event: 9662.021 GC heap after
Heap after GC invocations=21 (full 3):
 PSYoungGen      total 128000K, used 13871K [0x00000007a0000000, 0x00000007a9300000, 0x00000007c0000000)
  eden space 109568K, 0% used [0x00000007a0000000,0x00000007a0000000,0x00000007a6b00000)
  from space 18432K, 75% used [0x00000007a8100000,0x00000007a8e8be98,0x00000007a9300000)
  to   space 20480K, 0% used [0x00000007a6b00000,0x00000007a6b00000,0x00000007a7f00000)
 ParOldGen       total 144896K, used 32247K [0x0000000760000000, 0x0000000768d80000, 0x00000007a0000000)
  object space 144896K, 22% used [0x0000000760000000,0x0000000761f7dc80,0x0000000768d80000)
 Metaspace       used 62912K, capacity 65326K, committed 65536K, reserved 1105920K
  class space    used 8082K, capacity 8610K, committed 8704K, reserved 1048576K
}
Event: 9670.584 GC heap before
{Heap before GC invocations=22 (full 3):
 PSYoungGen      total 128000K, used 123439K [0x00000007a0000000, 0x00000007a9300000, 0x00000007c0000000)
  eden space 109568K, 100% used [0x00000007a0000000,0x00000007a6b00000,0x00000007a6b00000)
  from space 18432K, 75% used [0x00000007a8100000,0x00000007a8e8be98,0x00000007a9300000)
  to   space 20480K, 0% used [0x00000007a6b00000,0x00000007a6b00000,0x00000007a7f00000)
 ParOldGen       total 144896K, used 32247K [0x0000000760000000, 0x0000000768d80000, 0x00000007a0000000)
  object space 144896K, 22% used [0x0000000760000000,0x0000000761f7dc80,0x0000000768d80000)
 Metaspace       used 66441K, capacity 69032K, committed 69248K, reserved 1110016K
  class space    used 8483K, capacity 9075K, committed 9088K, reserved 1048576K
Event: 9670.632 GC heap after
Heap after GC invocations=22 (full 3):
 PSYoungGen      total 127488K, used 20448K [0x00000007a0000000, 0x00000007a9780000, 0x00000007c0000000)
  eden space 107008K, 0% used [0x00000007a0000000,0x00000007a0000000,0x00000007a6880000)
  from space 20480K, 99% used [0x00000007a6b00000,0x00000007a7ef8110,0x00000007a7f00000)
  to   space 24064K, 0% used [0x00000007a8000000,0x00000007a8000000,0x00000007a9780000)
 ParOldGen       total 144896K, used 32973K [0x0000000760000000, 0x0000000768d80000, 0x00000007a0000000)
  object space 144896K, 22% used [0x0000000760000000,0x0000000762033558,0x0000000768d80000)
 Metaspace       used 66441K, capacity 69032K, committed 69248K, reserved 1110016K
  class space    used 8483K, capacity 9075K, committed 9088K, reserved 1048576K
}
Event: 10592.129 GC heap before
{Heap before GC invocations=23 (full 3):
 PSYoungGen      total 127488K, used 127455K [0x00000007a0000000, 0x00000007a9780000, 0x00000007c0000000)
  eden space 107008K, 99% used [0x00000007a0000000,0x00000007a687fe88,0x00000007a6880000)
  from space 20480K, 99% used [0x00000007a6b00000,0x00000007a7ef8110,0x00000007a7f00000)
  to   space 24064K, 0% used [0x00000007a8000000,0x00000007a8000000,0x00000007a9780000)
 ParOldGen       total 144896K, used 32973K [0x0000000760000000, 0x0000000768d80000, 0x00000007a0000000)
  object space 144896K, 22% used [0x0000000760000000,0x0000000762033558,0x0000000768d80000)
 Metaspace       used 67887K, capacity 70548K, committed 70784K, reserved 1110016K
  class space    used 8655K, capacity 9261K, committed 9344K, reserved 1048576K
Event: 10592.243 GC heap after
Heap after GC invocations=23 (full 3):
 PSYoungGen      total 125952K, used 14949K [0x00000007a0000000, 0x00000007a9500000, 0x00000007c0000000)
  eden space 104448K, 0% used [0x00000007a0000000,0x00000007a0000000,0x00000007a6600000)
  from space 21504K, 69% used [0x00000007a8000000,0x00000007a8e997d0,0x00000007a9500000)
  to   space 24064K, 0% used [0x00000007a6600000,0x00000007a6600000,0x00000007a7d80000)
 ParOldGen       total 144896K, used 32981K [0x0000000760000000, 0x0000000768d80000, 0x00000007a0000000)
  object space 144896K, 22% used [0x0000000760000000,0x0000000762035558,0x0000000768d80000)
 Metaspace       used 67887K, capacity 70548K, committed 70784K, reserved 1110016K
  class space    used 8655K, capacity 9261K, committed 9344K, reserved 1048576K
}

